--------------- Rebuild Started: 08/24/2020 11:00:57 Project: Manchester encoder-decoder, Configuration: ARM GCC 5.4-2016-q2-update Debug ---------------
Deleting file ".\CortexM3\ARM_GCC_541\Debug\main.o"
Deleting file ".\CortexM3\ARM_GCC_541\Debug\sender.o"
Deleting file ".\CortexM3\ARM_GCC_541\Debug\reciver.o"
Deleting file ".\CortexM3\ARM_GCC_541\Debug\Clock.o"
Deleting file ".\CortexM3\ARM_GCC_541\Debug\line_buf.o"
Deleting file ".\CortexM3\ARM_GCC_541\Debug\SPI_ADC_ADS131E08.o"
Deleting file ".\CortexM3\ARM_GCC_541\Debug\FirstFrame.o"
Deleting file ".\CortexM3\ARM_GCC_541\Debug\cyfitter_cfg.o"
Deleting file ".\CortexM3\ARM_GCC_541\Debug\cymetadata.o"
Deleting file ".\CortexM3\ARM_GCC_541\Debug\Comp_2.o"
Deleting file ".\CortexM3\ARM_GCC_541\Debug\Comp_2_PM.o"
Deleting file ".\CortexM3\ARM_GCC_541\Debug\Vout_1.o"
Deleting file ".\CortexM3\ARM_GCC_541\Debug\Comp_1.o"
Deleting file ".\CortexM3\ARM_GCC_541\Debug\Comp_1_PM.o"
Deleting file ".\CortexM3\ARM_GCC_541\Debug\VDAC8_1.o"
Deleting file ".\CortexM3\ARM_GCC_541\Debug\VDAC8_1_PM.o"
Deleting file ".\CortexM3\ARM_GCC_541\Debug\Opamp_1.o"
Deleting file ".\CortexM3\ARM_GCC_541\Debug\Opamp_1_PM.o"
Deleting file ".\CortexM3\ARM_GCC_541\Debug\BitCounterEnc.o"
Deleting file ".\CortexM3\ARM_GCC_541\Debug\BitCounterEnc_PM.o"
Deleting file ".\CortexM3\ARM_GCC_541\Debug\StartTransmit.o"
Deleting file ".\CortexM3\ARM_GCC_541\Debug\StartTransmit_PM.o"
Deleting file ".\CortexM3\ARM_GCC_541\Debug\Waiter.o"
Deleting file ".\CortexM3\ARM_GCC_541\Debug\Waiter_PM.o"
Deleting file ".\CortexM3\ARM_GCC_541\Debug\Clock_2.o"
Deleting file ".\CortexM3\ARM_GCC_541\Debug\BitCounterDec.o"
Deleting file ".\CortexM3\ARM_GCC_541\Debug\BitCounterDec_PM.o"
Deleting file ".\CortexM3\ARM_GCC_541\Debug\RecieveShiftReg.o"
Deleting file ".\CortexM3\ARM_GCC_541\Debug\RecieveShiftReg_PM.o"
Deleting file ".\CortexM3\ARM_GCC_541\Debug\WordShifted.o"
Deleting file ".\CortexM3\ARM_GCC_541\Debug\TransmitShiftReg.o"
Deleting file ".\CortexM3\ARM_GCC_541\Debug\TransmitShiftReg_PM.o"
Deleting file ".\CortexM3\ARM_GCC_541\Debug\isr_Load_TrShReg.o"
Deleting file ".\CortexM3\ARM_GCC_541\Debug\Clock_5.o"
Deleting file ".\CortexM3\ARM_GCC_541\Debug\Cm3Start.o"
Deleting file ".\CortexM3\ARM_GCC_541\Debug\CyBootAsmGnu.o"
Deleting file ".\CortexM3\ARM_GCC_541\Debug\CyDmac.o"
Deleting file ".\CortexM3\ARM_GCC_541\Debug\CyFlash.o"
Deleting file ".\CortexM3\ARM_GCC_541\Debug\CyLib.o"
Deleting file ".\CortexM3\ARM_GCC_541\Debug\cyPm.o"
Deleting file ".\CortexM3\ARM_GCC_541\Debug\CySpc.o"
Deleting file ".\CortexM3\ARM_GCC_541\Debug\cyutils.o"
Deleting file ".\CortexM3\ARM_GCC_541\Debug\cy_em_eeprom.o"
Deleting file ".\CortexM3\ARM_GCC_541\Debug\FrameAllow.o"
Deleting file ".\CortexM3\ARM_GCC_541\Debug\FrameAllow_PM.o"
Deleting file ".\CortexM3\ARM_GCC_541\Debug\DInN.o"
Deleting file ".\CortexM3\ARM_GCC_541\Debug\DInP.o"
Deleting file ".\CortexM3\ARM_GCC_541\Debug\EndFrame.o"
Deleting file ".\CortexM3\ARM_GCC_541\Debug\StartButton_1.o"
Deleting file ".\CortexM3\ARM_GCC_541\Debug\Period.o"
Deleting file ".\CortexM3\ARM_GCC_541\Debug\Period_PM.o"
Deleting file ".\CortexM3\ARM_GCC_541\Debug\SigmaReg.o"
Deleting file ".\CortexM3\ARM_GCC_541\Debug\SigmaReg_PM.o"
Deleting file ".\CortexM3\ARM_GCC_541\Debug\Control_Period.o"
Deleting file ".\CortexM3\ARM_GCC_541\Debug\Control_Period_PM.o"
Deleting file ".\CortexM3\ARM_GCC_541\Debug\cap_comp_tc.o"
Deleting file ".\CortexM3\ARM_GCC_541\Debug\Boundary8bit.o"
Deleting file ".\CortexM3\ARM_GCC_541\Debug\Boundary8bit_PM.o"
Deleting file ".\CortexM3\ARM_GCC_541\Debug\Out_TikTak.o"
Deleting file ".\CortexM3\ARM_GCC_541\Debug\isr_DRDY.o"
Deleting file ".\CortexM3\ARM_GCC_541\Debug\isr_TransmitWordShift.o"
Deleting file ".\CortexM3\ARM_GCC_541\Debug\DOUT.o"
Deleting file ".\CortexM3\ARM_GCC_541\Debug\DIN.o"
Deleting file ".\CortexM3\ARM_GCC_541\Debug\SCLK.o"
Deleting file ".\CortexM3\ARM_GCC_541\Debug\SPI_ADC.o"
Deleting file ".\CortexM3\ARM_GCC_541\Debug\SPI_ADC_PM.o"
Deleting file ".\CortexM3\ARM_GCC_541\Debug\SPI_ADC_INT.o"
Deleting file ".\CortexM3\ARM_GCC_541\Debug\CSn.o"
Deleting file ".\CortexM3\ARM_GCC_541\Debug\SPI_ADC_IntClock.o"
Deleting file ".\CortexM3\ARM_GCC_541\Debug\Clock_tiktak_2.o"
Deleting file ".\CortexM3\ARM_GCC_541\Debug\Pin_test11.o"
Deleting file ".\CortexM3\ARM_GCC_541\Debug\Pin_test22.o"
Deleting file ".\CortexM3\ARM_GCC_541\Debug\Pin_test21.o"
Deleting file ".\CortexM3\ARM_GCC_541\Debug\Pin_test12.o"
Deleting file ".\CortexM3\ARM_GCC_541\Debug\TEST.o"
Deleting file ".\CortexM3\ARM_GCC_541\Debug\TEST_PM.o"
Deleting file ".\CortexM3\ARM_GCC_541\Debug\Control_Capture_3.o"
Deleting file ".\CortexM3\ARM_GCC_541\Debug\Control_Capture_3_PM.o"
Deleting file ".\CortexM3\ARM_GCC_541\Debug\DRDYn.o"
Deleting file ".\CortexM3\ARM_GCC_541\Debug\SDO2.o"
Deleting file ".\CortexM3\ARM_GCC_541\Debug\SDI2.o"
Deleting file ".\CortexM3\ARM_GCC_541\Debug\SCL2.o"
Deleting file ".\CortexM3\ARM_GCC_541\Debug\SPIM_MEMS.o"
Deleting file ".\CortexM3\ARM_GCC_541\Debug\SPIM_MEMS_PM.o"
Deleting file ".\CortexM3\ARM_GCC_541\Debug\SPIM_MEMS_INT.o"
Deleting file ".\CortexM3\ARM_GCC_541\Debug\CS2.o"
Deleting file ".\CortexM3\ARM_GCC_541\Debug\INT1.o"
Deleting file ".\CortexM3\ARM_GCC_541\Debug\INT2.o"
Deleting file ".\CortexM3\ARM_GCC_541\Debug\SPIM_MEMS_IntClock.o"
Deleting file ".\CortexM3\ARM_GCC_541\Debug\START_PIN.o"
Deleting file ".\CortexM3\ARM_GCC_541\Debug\CH32kHZ_IN.o"
Deleting file ".\CortexM3\ARM_GCC_541\Debug\CH32kHZ_OUT.o"
Deleting file ".\CortexM3\ARM_GCC_541\Debug\Capture_high.o"
Deleting file ".\CortexM3\ARM_GCC_541\Debug\Capture_low.o"
Deleting file ".\CortexM3\ARM_GCC_541\Debug\Comp_low.o"
Deleting file ".\CortexM3\ARM_GCC_541\Debug\Comp_low_PM.o"
Deleting file ".\CortexM3\ARM_GCC_541\Debug\Comp_high.o"
Deleting file ".\CortexM3\ARM_GCC_541\Debug\Comp_high_PM.o"
Deleting file ".\CortexM3\ARM_GCC_541\Debug\TEST_2.o"
Deleting file ".\CortexM3\ARM_GCC_541\Debug\Clock_tiktak_1.o"
Deleting file ".\CortexM3\ARM_GCC_541\Debug\Clock_tiktak_3.o"
Deleting file ".\CortexM3\ARM_GCC_541\Debug\CLK_ADJ.o"
Deleting file ".\CortexM3\ARM_GCC_541\Debug\Manchester encoder-decoder.hex"
Deleting file ".\CortexM3\ARM_GCC_541\Debug\Manchester encoder-decoder.elf"
Deleting file ".\CortexM3\ARM_GCC_541\Debug\Manchester encoder-decoder.map"
Deleting file ".\Manchester encoder-decoder.cycdx"
Deleting file ".\Manchester encoder-decoder.svd"
Deleting file ".\Manchester encoder-decoder.rpt"
Deleting file ".\Manchester encoder-decoder_timing.html"
Deleting file ".\CortexM3\ARM_GCC_541\Debug\.deps\SOURCE_C__ARM_GCC_GENERIC.P"
Deleting file ".\CortexM3\ARM_GCC_541\Debug\.deps\SOURCE_ASM__ARM_GCC_GENERIC.P"
cydsfit.exe -.appdatapath "C:\Users\e.ivanov\AppData\Local\Cypress Semiconductor\PSoC Creator\4.2" -.fdsnotice -.fdswarpdepfile=warp_dependencies.txt -.fdselabdepfile=elab_dependencies.txt -.fdsbldfile=generated_files.txt -.fdsreffile=referenced_files.txt -p "C:\Users\e.ivanov\Documents\GitHub\adc\Manchester encoder-decoder.cydsn\Manchester encoder-decoder.cyprj" -d CY8C5888LTI-LP097 -s "C:\Users\e.ivanov\Documents\GitHub\adc\Manchester encoder-decoder.cydsn\Generated_Source\PSoC5" -- -yv2 -q10 -ygs -o2 -v3 -.fftcfgtype=LE
Elaborating Design...
ADD: fit.M0032: warning: Clock Warning: (Clock_5's accuracy range '36 MHz +/- 1%, (35.64 MHz - 36.36 MHz)' is not within the specified tolerance range '48 MHz +/- 1%, (47.52 MHz - 48.48 MHz)'.).
 * C:\Users\e.ivanov\Documents\GitHub\adc\Manchester encoder-decoder.cydsn\Manchester encoder-decoder.cydwr (Clock_5)
 * C:\Users\e.ivanov\Documents\GitHub\adc\Manchester encoder-decoder.cydsn\TopDesign\TopDesign.cysch (Instance:Clock_5)
HDL Generation...
Synthesis...
Tech Mapping...
ADD: pft.M0040: information: The following 2 pin(s) will be assigned a location by the fitter: Clock_tiktak_1(0), Clock_tiktak_3(0)
Info: plm.M0038: The pin named Out_TikTak(0) at location P0[0] prevents usage of special purposes: OpAmp:out. (App=cydsfit)
Analog Placement...
Log: apr.M0058: The analog placement iterative improvement is 28% done. (App=cydsfit)
Log: apr.M0058: The analog placement iterative improvement is 61% done. (App=cydsfit)
Analog Routing...
Analog Code Generation...
Digital Placement...
Digital Routing...
Bitstream Generation...
Bitstream Verification...
Static timing analysis...
Warning: sta.M0021: Manchester encoder-decoder_timing.html: Warning-1350: Asynchronous path(s) exist from "\Boundary8bit:CounterHW\/tc" to "CyBUS_CLK". See the timing report for details. (File=C:\Users\e.ivanov\Documents\GitHub\adc\Manchester encoder-decoder.cydsn\Manchester encoder-decoder_timing.html)
Warning: sta.M0021: Manchester encoder-decoder_timing.html: Warning-1350: Asynchronous path(s) exist from "CyBUS_CLK" to "\Boundary8bit:CounterHW\/tc". See the timing report for details. (File=C:\Users\e.ivanov\Documents\GitHub\adc\Manchester encoder-decoder.cydsn\Manchester encoder-decoder_timing.html)
Warning: sta.M0021: Manchester encoder-decoder_timing.html: Warning-1350: Asynchronous path(s) exist from "CyBUS_CLK" to "Mhz4_096/q". See the timing report for details. (File=C:\Users\e.ivanov\Documents\GitHub\adc\Manchester encoder-decoder.cydsn\Manchester encoder-decoder_timing.html)
Warning: sta.M0021: Manchester encoder-decoder_timing.html: Warning-1350: Asynchronous path(s) exist from "Mhz4_096/q" to "CyBUS_CLK". See the timing report for details. (File=C:\Users\e.ivanov\Documents\GitHub\adc\Manchester encoder-decoder.cydsn\Manchester encoder-decoder_timing.html)
Warning: sta.M0021: Manchester encoder-decoder_timing.html: Warning-1350: Asynchronous path(s) exist from "Clock_2(routed)" to "CyBUS_CLK". See the timing report for details. (File=C:\Users\e.ivanov\Documents\GitHub\adc\Manchester encoder-decoder.cydsn\Manchester encoder-decoder_timing.html)
Warning: sta.M0019: Manchester encoder-decoder_timing.html: Warning-1366: Setup time violation found in a path from clock ( CyBUS_CLK ) to clock ( CyBUS_CLK ). (File=C:\Users\e.ivanov\Documents\GitHub\adc\Manchester encoder-decoder.cydsn\Manchester encoder-decoder_timing.html)
Warning: sta.M0019: Manchester encoder-decoder_timing.html: Warning-1366: Setup time violation found in a path from clock ( CyBUS_CLK ) to clock ( Clock_5 ). (File=C:\Users\e.ivanov\Documents\GitHub\adc\Manchester encoder-decoder.cydsn\Manchester encoder-decoder_timing.html)
Warning: sta.M0019: Manchester encoder-decoder_timing.html: Warning-1366: Setup time violation found in a path from clock ( Clock_5 ) to clock ( CyBUS_CLK ). (File=C:\Users\e.ivanov\Documents\GitHub\adc\Manchester encoder-decoder.cydsn\Manchester encoder-decoder_timing.html)
Warning: sta.M0019: Manchester encoder-decoder_timing.html: Warning-1367: Hold time violation found in a path from clock ( Mhz4_096/q ) to clock ( cydff_13/q ). (File=C:\Users\e.ivanov\Documents\GitHub\adc\Manchester encoder-decoder.cydsn\Manchester encoder-decoder_timing.html)
API Generation...
Dependency Generation...
Cleanup...
arm-none-eabi-gcc.exe -mcpu=cortex-m3 -mthumb -I. -IGenerated_Source\PSoC5 -Wa,-alh=.\CortexM3\ARM_GCC_541\Debug/main.lst -g -D DEBUG -D CY_CORE_ID=0 -Wall -ffunction-sections -ffat-lto-objects -Og -c main.c -o .\CortexM3\ARM_GCC_541\Debug\main.o
In file included from ./SPI_ADC_ADS131E08.h:23:0,
                 from main.c:19:
./global.h:22:15: error: redeclaration of enumerator 'WAITINGOFDOLLAR'
 typedef enum {WAITINGOFDOLLAR, WAITINGOFSTAR, WAITINGOFCHSUM, WAITINGOFCHSUM2} State;
               ^
In file included from main.c:13:0:
global.h:22:15: note: previous definition of 'WAITINGOFDOLLAR' was here
 typedef enum {WAITINGOFDOLLAR, WAITINGOFSTAR, WAITINGOFCHSUM, WAITINGOFCHSUM2} State;
               ^
In file included from ./SPI_ADC_ADS131E08.h:23:0,
                 from main.c:19:
./global.h:22:32: error: redeclaration of enumerator 'WAITINGOFSTAR'
 typedef enum {WAITINGOFDOLLAR, WAITINGOFSTAR, WAITINGOFCHSUM, WAITINGOFCHSUM2} State;
                                ^
In file included from main.c:13:0:
global.h:22:32: note: previous definition of 'WAITINGOFSTAR' was here
 typedef enum {WAITINGOFDOLLAR, WAITINGOFSTAR, WAITINGOFCHSUM, WAITINGOFCHSUM2} State;
                                ^
In file included from ./SPI_ADC_ADS131E08.h:23:0,
                 from main.c:19:
./global.h:22:47: error: redeclaration of enumerator 'WAITINGOFCHSUM'
 typedef enum {WAITINGOFDOLLAR, WAITINGOFSTAR, WAITINGOFCHSUM, WAITINGOFCHSUM2} State;
                                               ^
In file included from main.c:13:0:
global.h:22:47: note: previous definition of 'WAITINGOFCHSUM' was here
 typedef enum {WAITINGOFDOLLAR, WAITINGOFSTAR, WAITINGOFCHSUM, WAITINGOFCHSUM2} State;
                                               ^
In file included from ./SPI_ADC_ADS131E08.h:23:0,
                 from main.c:19:
./global.h:22:63: error: redeclaration of enumerator 'WAITINGOFCHSUM2'
 typedef enum {WAITINGOFDOLLAR, WAITINGOFSTAR, WAITINGOFCHSUM, WAITINGOFCHSUM2} State;
                                                               ^
In file included from main.c:13:0:
global.h:22:63: note: previous definition of 'WAITINGOFCHSUM2' was here
 typedef enum {WAITINGOFDOLLAR, WAITINGOFSTAR, WAITINGOFCHSUM, WAITINGOFCHSUM2} State;
                                                               ^
In file included from ./SPI_ADC_ADS131E08.h:23:0,
                 from main.c:19:
./global.h:22:80: error: conflicting types for 'State'
 typedef enum {WAITINGOFDOLLAR, WAITINGOFSTAR, WAITINGOFCHSUM, WAITINGOFCHSUM2} State;
                                                                                ^
In file included from main.c:13:0:
global.h:22:80: note: previous declaration of 'State' was here
 typedef enum {WAITINGOFDOLLAR, WAITINGOFSTAR, WAITINGOFCHSUM, WAITINGOFCHSUM2} State;
                                                                                ^
In file included from ./SPI_ADC_ADS131E08.h:23:0,
                 from main.c:19:
./global.h:24:15: error: redeclaration of enumerator 'ERROR'
 typedef enum {ERROR,SUCCESS} Result;
               ^
In file included from main.c:13:0:
global.h:24:15: note: previous definition of 'ERROR' was here
 typedef enum {ERROR,SUCCESS} Result;
               ^
In file included from ./SPI_ADC_ADS131E08.h:23:0,
                 from main.c:19:
./global.h:24:21: error: redeclaration of enumerator 'SUCCESS'
 typedef enum {ERROR,SUCCESS} Result;
                     ^
In file included from main.c:13:0:
global.h:24:21: note: previous definition of 'SUCCESS' was here
 typedef enum {ERROR,SUCCESS} Result;
                     ^
In file included from ./SPI_ADC_ADS131E08.h:23:0,
                 from main.c:19:
./global.h:24:30: error: conflicting types for 'Result'
 typedef enum {ERROR,SUCCESS} Result;
                              ^
In file included from main.c:13:0:
global.h:24:30: note: previous declaration of 'Result' was here
 typedef enum {ERROR,SUCCESS} Result;
                              ^
In file included from ./SPI_ADC_ADS131E08.h:23:0,
                 from main.c:19:
./global.h:30:2: error: conflicting types for 'RingBuff_t'
 }RingBuff_t;
  ^
In file included from main.c:13:0:
global.h:30:2: note: previous declaration of 'RingBuff_t' was here
 }RingBuff_t;
  ^
In file included from ./SPI_ADC_ADS131E08.h:23:0,
                 from main.c:19:
./global.h:40:3: error: conflicting types for 'uart_context'
 } uart_context;
   ^
In file included from main.c:13:0:
global.h:40:3: note: previous declaration of 'uart_context' was here
 } uart_context;
   ^
In file included from ./SPI_ADC_ADS131E08.h:23:0,
                 from main.c:19:
./global.h:58:2: error: conflicting types for 'frame_recount'
 }frame_recount;
  ^
In file included from main.c:13:0:
global.h:58:2: note: previous declaration of 'frame_recount' was here
 }frame_recount;
  ^
In file included from ./SPI_ADC_ADS131E08.h:23:0,
                 from main.c:19:
./global.h:63:2: error: conflicting types for 'renumber'
 }renumber;
  ^
In file included from main.c:13:0:
global.h:63:2: note: previous declaration of 'renumber' was here
 }renumber;
  ^
In file included from ./SPI_ADC_ADS131E08.h:23:0,
                 from main.c:19:
./global.h:69:17: error: conflicting types for 'renumber_frame'
 extern renumber renumber_frame;
                 ^
In file included from main.c:13:0:
global.h:69:17: note: previous declaration of 'renumber_frame' was here
 extern renumber renumber_frame;
                 ^
In file included from ./SPI_ADC_ADS131E08.h:23:0,
                 from main.c:19:
./global.h:77:7: error: conflicting types for 'IsNotEmpty'
The command 'arm-none-eabi-gcc.exe' failed with exit code '1'.
 uint8 IsNotEmpty(RingBuff_t*);
       ^
In file included from main.c:13:0:
global.h:77:7: note: previous declaration of 'IsNotEmpty' was here
 uint8 IsNotEmpty(RingBuff_t*);
       ^
In file included from ./SPI_ADC_ADS131E08.h:23:0,
                 from main.c:19:
./global.h:78:7: error: conflicting types for 'InsertByte'
 uint8 InsertByte(RingBuff_t* , uint8);
       ^
In file included from main.c:13:0:
global.h:78:7: note: previous declaration of 'InsertByte' was here
 uint8 InsertByte(RingBuff_t* , uint8);
       ^
In file included from ./SPI_ADC_ADS131E08.h:23:0,
                 from main.c:19:
./global.h:79:7: error: conflicting types for 'ExtractByte'
 uint8 ExtractByte(RingBuff_t*);
       ^
In file included from main.c:13:0:
global.h:79:7: note: previous declaration of 'ExtractByte' was here
 uint8 ExtractByte(RingBuff_t*);
       ^
In file included from ./SPI_ADC_ADS131E08.h:23:0,
                 from main.c:19:
./global.h:80:7: error: conflicting types for 'agg_sent'
 uint8 agg_sent(uart_context*);
       ^
In file included from main.c:13:0:
global.h:80:7: note: previous declaration of 'agg_sent' was here
 uint8 agg_sent(uart_context*);
       ^
main.c:41:34: warning: missing braces around initializer [-Wmissing-braces]
 adc_regim_set ADS131E08_CurSet = {ADS131E08_CONFIG1_DEFAULT, ADS131E08_CONFIG2_DEFAULT, ADS131E08_CONFIG3_DEFAULT, ADS131E08_FAULT_DEFAULT, 
                                  ^
main.c:41:34: note: (near initialization for 'ADS131E08_CurSet')
In file included from main.c:15:0:
reciver.h:23:13: warning: inline function 'Store' declared but never defined
 inline void Store(uint32 tmp);
             ^
--------------- Rebuild Failed: 08/24/2020 11:01:16 ---------------
